001010011110011110000100000011100100011001011101100110110011011110
001010100100110101000100000011100100011001011101100110110011010110
001010100100110101000100010011111010000011010001101111111011100101
001010100100110101000100100011100000110000111100101100101010000000
0010101001001101010001001100110011110011101111111010101111111111
001010100111000011000100000011100100011001011101100110110011010010
001010100111000011000100010011111010000011010001101111111011100100
001010100111000011000100100011100000110000111100101100101010000110
001010101001001001000100000011100100011001011101100110110011011110
001010101001001001000100010011111010000011010001101111111011101110
0010101010010010010001001100110011110011101111111010101111110001
001010101111100101000100000011100100011001011101100110110011010010
001010101111100101000100010011111010000011010001101111111011100100
0010101011111001010001001100110011110011101111111010101111110111
001010101111110100000100000011100100011001011101100110110011011000
001010101111110100000100100011100000110000111100101100101010000110
001010101111110100000100010011111010000011010001101111111011100011
0010101011111101000001001100110011110011101111111010101111111010
001010110000111111000100000011100100011001011101100110110011011100
001010110010010110000100000011100100011001011101100110110011010011
001010110011001011000100000011100100011001011101100110110011010000
001010000001110000000100000011100100011001011101100110110011011010
001010000001110000000100100011100000110000111100101100101010000010
001010000001110000000100010011111010000011010001101111111011100101
0010100000011100000001001100110011110011101111111010101111110110
